This is pdfTeX, Version 3.14159265-2.6-1.40.20 (TeX Live 2019/Arch Linux) (preloaded format=pdflatex 2019.7.23)  30 JUL 2019 18:45
entering extended mode
 restricted \write18 enabled.
 %&-line parsing enabled.
**/tmp/Rtmpr9DfVC/file31e55f89dba4.tex
(/tmp/Rtmpr9DfVC/file31e55f89dba4.tex
LaTeX2e <2018-12-01>
(/usr/share/texmf-dist/tex/latex/base/article.cls
Document Class: article 2018/09/03 v1.4i Standard LaTeX document class
(/usr/share/texmf-dist/tex/latex/base/size12.clo
File: size12.clo 2018/09/03 v1.4i Standard LaTeX file (size option)
)
\c@part=\count80
\c@section=\count81
\c@subsection=\count82
\c@subsubsection=\count83
\c@paragraph=\count84
\c@subparagraph=\count85
\c@figure=\count86
\c@table=\count87
\abovecaptionskip=\skip41
\belowcaptionskip=\skip42
\bibindent=\dimen102
) (/usr/share/texmf-dist/tex/latex/lm/lmodern.sty
Package: lmodern 2009/10/30 v1.6 Latin Modern Fonts
LaTeX Font Info:    Overwriting symbol font `operators' in version `normal'
(Font)                  OT1/cmr/m/n --> OT1/lmr/m/n on input line 22.
LaTeX Font Info:    Overwriting symbol font `letters' in version `normal'
(Font)                  OML/cmm/m/it --> OML/lmm/m/it on input line 23.
LaTeX Font Info:    Overwriting symbol font `symbols' in version `normal'
(Font)                  OMS/cmsy/m/n --> OMS/lmsy/m/n on input line 24.
LaTeX Font Info:    Overwriting symbol font `largesymbols' in version `normal'
(Font)                  OMX/cmex/m/n --> OMX/lmex/m/n on input line 25.
LaTeX Font Info:    Overwriting symbol font `operators' in version `bold'
(Font)                  OT1/cmr/bx/n --> OT1/lmr/bx/n on input line 26.
LaTeX Font Info:    Overwriting symbol font `letters' in version `bold'
(Font)                  OML/cmm/b/it --> OML/lmm/b/it on input line 27.
LaTeX Font Info:    Overwriting symbol font `symbols' in version `bold'
(Font)                  OMS/cmsy/b/n --> OMS/lmsy/b/n on input line 28.
LaTeX Font Info:    Overwriting symbol font `largesymbols' in version `bold'
(Font)                  OMX/cmex/m/n --> OMX/lmex/m/n on input line 29.
LaTeX Font Info:    Overwriting math alphabet `\mathbf' in version `normal'
(Font)                  OT1/cmr/bx/n --> OT1/lmr/bx/n on input line 31.
LaTeX Font Info:    Overwriting math alphabet `\mathsf' in version `normal'
(Font)                  OT1/cmss/m/n --> OT1/lmss/m/n on input line 32.
LaTeX Font Info:    Overwriting math alphabet `\mathit' in version `normal'
(Font)                  OT1/cmr/m/it --> OT1/lmr/m/it on input line 33.
LaTeX Font Info:    Overwriting math alphabet `\mathtt' in version `normal'
(Font)                  OT1/cmtt/m/n --> OT1/lmtt/m/n on input line 34.
LaTeX Font Info:    Overwriting math alphabet `\mathbf' in version `bold'
(Font)                  OT1/cmr/bx/n --> OT1/lmr/bx/n on input line 35.
LaTeX Font Info:    Overwriting math alphabet `\mathsf' in version `bold'
(Font)                  OT1/cmss/bx/n --> OT1/lmss/bx/n on input line 36.
LaTeX Font Info:    Overwriting math alphabet `\mathit' in version `bold'
(Font)                  OT1/cmr/bx/it --> OT1/lmr/bx/it on input line 37.
LaTeX Font Info:    Overwriting math alphabet `\mathtt' in version `bold'
(Font)                  OT1/cmtt/m/n --> OT1/lmtt/m/n on input line 38.
) (/usr/share/texmf-dist/tex/latex/amsfonts/amssymb.sty
Package: amssymb 2013/01/14 v3.01 AMS font symbols
(/usr/share/texmf-dist/tex/latex/amsfonts/amsfonts.sty
Package: amsfonts 2013/01/14 v3.01 Basic AMSFonts support
\@emptytoks=\toks14
\symAMSa=\mathgroup4
\symAMSb=\mathgroup5
LaTeX Font Info:    Overwriting math alphabet `\mathfrak' in version `bold'
(Font)                  U/euf/m/n --> U/euf/b/n on input line 106.
)) (/usr/share/texmf-dist/tex/latex/amsmath/amsmath.sty
Package: amsmath 2018/12/01 v2.17b AMS math features
\@mathmargin=\skip43
For additional information on amsmath, use the `?' option.
(/usr/share/texmf-dist/tex/latex/amsmath/amstext.sty
Package: amstext 2000/06/29 v2.01 AMS text
(/usr/share/texmf-dist/tex/latex/amsmath/amsgen.sty
File: amsgen.sty 1999/11/30 v2.0 generic functions
\@emptytoks=\toks15
\ex@=\dimen103
)) (/usr/share/texmf-dist/tex/latex/amsmath/amsbsy.sty
Package: amsbsy 1999/11/29 v1.2d Bold Symbols
\pmbraise@=\dimen104
) (/usr/share/texmf-dist/tex/latex/amsmath/amsopn.sty
Package: amsopn 2016/03/08 v2.02 operator names
)
\inf@bad=\count88
LaTeX Info: Redefining \frac on input line 223.
\uproot@=\count89
\leftroot@=\count90
LaTeX Info: Redefining \overline on input line 385.
\classnum@=\count91
\DOTSCASE@=\count92
LaTeX Info: Redefining \ldots on input line 482.
LaTeX Info: Redefining \dots on input line 485.
LaTeX Info: Redefining \cdots on input line 606.
\Mathstrutbox@=\box27
\strutbox@=\box28
\big@size=\dimen105
LaTeX Font Info:    Redeclaring font encoding OML on input line 729.
LaTeX Font Info:    Redeclaring font encoding OMS on input line 730.
\macc@depth=\count93
\c@MaxMatrixCols=\count94
\dotsspace@=\muskip10
\c@parentequation=\count95
\dspbrk@lvl=\count96
\tag@help=\toks16
\row@=\count97
\column@=\count98
\maxfields@=\count99
\andhelp@=\toks17
\eqnshift@=\dimen106
\alignsep@=\dimen107
\tagshift@=\dimen108
\tagwidth@=\dimen109
\totwidth@=\dimen110
\lineht@=\dimen111
\@envbody=\toks18
\multlinegap=\skip44
\multlinetaggap=\skip45
\mathdisplay@stack=\toks19
LaTeX Info: Redefining \[ on input line 2844.
LaTeX Info: Redefining \] on input line 2845.
) (/usr/share/texmf-dist/tex/generic/ifxetex/ifxetex.sty
Package: ifxetex 2010/09/12 v0.6 Provides ifxetex conditional
) (/usr/share/texmf-dist/tex/generic/oberdiek/ifluatex.sty
Package: ifluatex 2016/05/16 v1.4 Provides the ifluatex switch (HO)
Package ifluatex Info: LuaTeX not detected.
) (/usr/share/texmf-dist/tex/latex/base/fixltx2e.sty
Package: fixltx2e 2016/12/29 v2.1a fixes to LaTeX (obsolete)
Applying: [2015/01/01] Old fixltx2e package on input line 46.

Package fixltx2e Warning: fixltx2e is not required with releases after 2015
(fixltx2e)                All fixes are now in the LaTeX kernel.
(fixltx2e)                See the latexrelease package for details.

Already applied: [0000/00/00] Old fixltx2e package on input line 53.
) (/usr/share/texmf-dist/tex/latex/base/fontenc.sty
Package: fontenc 2018/08/11 v2.0j Standard LaTeX package
(/usr/share/texmf-dist/tex/latex/base/t1enc.def
File: t1enc.def 2018/08/11 v2.0j Standard LaTeX file
LaTeX Font Info:    Redeclaring font encoding T1 on input line 48.
)) (/usr/share/texmf-dist/tex/latex/base/inputenc.sty
Package: inputenc 2018/08/11 v1.3c Input encoding file
\inpenc@prehook=\toks20
\inpenc@posthook=\toks21
) (/usr/share/texmf-dist/tex/latex/upquote/upquote.sty
Package: upquote 2012/04/19 v1.3 upright-quote and grave-accent glyphs in verba
tim
(/usr/share/texmf-dist/tex/latex/base/textcomp.sty
Package: textcomp 2018/08/11 v2.0j Standard LaTeX package
Package textcomp Info: Sub-encoding information:
(textcomp)               5 = only ISO-Adobe without \textcurrency
(textcomp)               4 = 5 + \texteuro
(textcomp)               3 = 4 + \textohm
(textcomp)               2 = 3 + \textestimated + \textcurrency
(textcomp)               1 = TS1 - \textcircled - \t
(textcomp)               0 = TS1 (full)
(textcomp)             Font families with sub-encoding setting implement
(textcomp)             only a restricted character set as indicated.
(textcomp)             Family '?' is the default used for unknown fonts.
(textcomp)             See the documentation for details.
Package textcomp Info: Setting ? sub-encoding to TS1/1 on input line 79.
(/usr/share/texmf-dist/tex/latex/base/ts1enc.def
File: ts1enc.def 2001/06/05 v3.0e (jk/car/fm) Standard LaTeX file
Now handling font encoding TS1 ...
... processing UTF-8 mapping file for font encoding TS1
(/usr/share/texmf-dist/tex/latex/base/ts1enc.dfu
File: ts1enc.dfu 2018/10/05 v1.2f UTF-8 support for inputenc
   defining Unicode char U+00A2 (decimal 162)
   defining Unicode char U+00A3 (decimal 163)
   defining Unicode char U+00A4 (decimal 164)
   defining Unicode char U+00A5 (decimal 165)
   defining Unicode char U+00A6 (decimal 166)
   defining Unicode char U+00A7 (decimal 167)
   defining Unicode char U+00A8 (decimal 168)
   defining Unicode char U+00A9 (decimal 169)
   defining Unicode char U+00AA (decimal 170)
   defining Unicode char U+00AC (decimal 172)
   defining Unicode char U+00AE (decimal 174)
   defining Unicode char U+00AF (decimal 175)
   defining Unicode char U+00B0 (decimal 176)
   defining Unicode char U+00B1 (decimal 177)
   defining Unicode char U+00B2 (decimal 178)
   defining Unicode char U+00B3 (decimal 179)
   defining Unicode char U+00B4 (decimal 180)
   defining Unicode char U+00B5 (decimal 181)
   defining Unicode char U+00B6 (decimal 182)
   defining Unicode char U+00B7 (decimal 183)
   defining Unicode char U+00B9 (decimal 185)
   defining Unicode char U+00BA (decimal 186)
   defining Unicode char U+00BC (decimal 188)
   defining Unicode char U+00BD (decimal 189)
   defining Unicode char U+00BE (decimal 190)
   defining Unicode char U+00D7 (decimal 215)
   defining Unicode char U+00F7 (decimal 247)
   defining Unicode char U+0192 (decimal 402)
   defining Unicode char U+02C7 (decimal 711)
   defining Unicode char U+02D8 (decimal 728)
   defining Unicode char U+02DD (decimal 733)
   defining Unicode char U+0E3F (decimal 3647)
   defining Unicode char U+2016 (decimal 8214)
   defining Unicode char U+2020 (decimal 8224)
   defining Unicode char U+2021 (decimal 8225)
   defining Unicode char U+2022 (decimal 8226)
   defining Unicode char U+2030 (decimal 8240)
   defining Unicode char U+2031 (decimal 8241)
   defining Unicode char U+203B (decimal 8251)
   defining Unicode char U+203D (decimal 8253)
   defining Unicode char U+2044 (decimal 8260)
   defining Unicode char U+204E (decimal 8270)
   defining Unicode char U+2052 (decimal 8274)
   defining Unicode char U+20A1 (decimal 8353)
   defining Unicode char U+20A4 (decimal 8356)
   defining Unicode char U+20A6 (decimal 8358)
   defining Unicode char U+20A9 (decimal 8361)
   defining Unicode char U+20AB (decimal 8363)
   defining Unicode char U+20AC (decimal 8364)
   defining Unicode char U+20B1 (decimal 8369)
   defining Unicode char U+2103 (decimal 8451)
   defining Unicode char U+2116 (decimal 8470)
   defining Unicode char U+2117 (decimal 8471)
   defining Unicode char U+211E (decimal 8478)
   defining Unicode char U+2120 (decimal 8480)
   defining Unicode char U+2122 (decimal 8482)
   defining Unicode char U+2126 (decimal 8486)
   defining Unicode char U+2127 (decimal 8487)
   defining Unicode char U+212E (decimal 8494)
   defining Unicode char U+2190 (decimal 8592)
   defining Unicode char U+2191 (decimal 8593)
   defining Unicode char U+2192 (decimal 8594)
   defining Unicode char U+2193 (decimal 8595)
   defining Unicode char U+2329 (decimal 9001)
   defining Unicode char U+232A (decimal 9002)
   defining Unicode char U+2422 (decimal 9250)
   defining Unicode char U+25E6 (decimal 9702)
   defining Unicode char U+25EF (decimal 9711)
   defining Unicode char U+266A (decimal 9834)
   defining Unicode char U+FEFF (decimal 65279)
))
LaTeX Info: Redefining \oldstylenums on input line 334.
Package textcomp Info: Setting cmr sub-encoding to TS1/0 on input line 349.
Package textcomp Info: Setting cmss sub-encoding to TS1/0 on input line 350.
Package textcomp Info: Setting cmtt sub-encoding to TS1/0 on input line 351.
Package textcomp Info: Setting cmvtt sub-encoding to TS1/0 on input line 352.
Package textcomp Info: Setting cmbr sub-encoding to TS1/0 on input line 353.
Package textcomp Info: Setting cmtl sub-encoding to TS1/0 on input line 354.
Package textcomp Info: Setting ccr sub-encoding to TS1/0 on input line 355.
Package textcomp Info: Setting ptm sub-encoding to TS1/4 on input line 356.
Package textcomp Info: Setting pcr sub-encoding to TS1/4 on input line 357.
Package textcomp Info: Setting phv sub-encoding to TS1/4 on input line 358.
Package textcomp Info: Setting ppl sub-encoding to TS1/3 on input line 359.
Package textcomp Info: Setting pag sub-encoding to TS1/4 on input line 360.
Package textcomp Info: Setting pbk sub-encoding to TS1/4 on input line 361.
Package textcomp Info: Setting pnc sub-encoding to TS1/4 on input line 362.
Package textcomp Info: Setting pzc sub-encoding to TS1/4 on input line 363.
Package textcomp Info: Setting bch sub-encoding to TS1/4 on input line 364.
Package textcomp Info: Setting put sub-encoding to TS1/5 on input line 365.
Package textcomp Info: Setting uag sub-encoding to TS1/5 on input line 366.
Package textcomp Info: Setting ugq sub-encoding to TS1/5 on input line 367.
Package textcomp Info: Setting ul8 sub-encoding to TS1/4 on input line 368.
Package textcomp Info: Setting ul9 sub-encoding to TS1/4 on input line 369.
Package textcomp Info: Setting augie sub-encoding to TS1/5 on input line 370.
Package textcomp Info: Setting dayrom sub-encoding to TS1/3 on input line 371.
Package textcomp Info: Setting dayroms sub-encoding to TS1/3 on input line 372.

Package textcomp Info: Setting pxr sub-encoding to TS1/0 on input line 373.
Package textcomp Info: Setting pxss sub-encoding to TS1/0 on input line 374.
Package textcomp Info: Setting pxtt sub-encoding to TS1/0 on input line 375.
Package textcomp Info: Setting txr sub-encoding to TS1/0 on input line 376.
Package textcomp Info: Setting txss sub-encoding to TS1/0 on input line 377.
Package textcomp Info: Setting txtt sub-encoding to TS1/0 on input line 378.
Package textcomp Info: Setting lmr sub-encoding to TS1/0 on input line 379.
Package textcomp Info: Setting lmdh sub-encoding to TS1/0 on input line 380.
Package textcomp Info: Setting lmss sub-encoding to TS1/0 on input line 381.
Package textcomp Info: Setting lmssq sub-encoding to TS1/0 on input line 382.
Package textcomp Info: Setting lmvtt sub-encoding to TS1/0 on input line 383.
Package textcomp Info: Setting lmtt sub-encoding to TS1/0 on input line 384.
Package textcomp Info: Setting qhv sub-encoding to TS1/0 on input line 385.
Package textcomp Info: Setting qag sub-encoding to TS1/0 on input line 386.
Package textcomp Info: Setting qbk sub-encoding to TS1/0 on input line 387.
Package textcomp Info: Setting qcr sub-encoding to TS1/0 on input line 388.
Package textcomp Info: Setting qcs sub-encoding to TS1/0 on input line 389.
Package textcomp Info: Setting qpl sub-encoding to TS1/0 on input line 390.
Package textcomp Info: Setting qtm sub-encoding to TS1/0 on input line 391.
Package textcomp Info: Setting qzc sub-encoding to TS1/0 on input line 392.
Package textcomp Info: Setting qhvc sub-encoding to TS1/0 on input line 393.
Package textcomp Info: Setting futs sub-encoding to TS1/4 on input line 394.
Package textcomp Info: Setting futx sub-encoding to TS1/4 on input line 395.
Package textcomp Info: Setting futj sub-encoding to TS1/4 on input line 396.
Package textcomp Info: Setting hlh sub-encoding to TS1/3 on input line 397.
Package textcomp Info: Setting hls sub-encoding to TS1/3 on input line 398.
Package textcomp Info: Setting hlst sub-encoding to TS1/3 on input line 399.
Package textcomp Info: Setting hlct sub-encoding to TS1/5 on input line 400.
Package textcomp Info: Setting hlx sub-encoding to TS1/5 on input line 401.
Package textcomp Info: Setting hlce sub-encoding to TS1/5 on input line 402.
Package textcomp Info: Setting hlcn sub-encoding to TS1/5 on input line 403.
Package textcomp Info: Setting hlcw sub-encoding to TS1/5 on input line 404.
Package textcomp Info: Setting hlcf sub-encoding to TS1/5 on input line 405.
Package textcomp Info: Setting pplx sub-encoding to TS1/3 on input line 406.
Package textcomp Info: Setting pplj sub-encoding to TS1/3 on input line 407.
Package textcomp Info: Setting ptmx sub-encoding to TS1/4 on input line 408.
Package textcomp Info: Setting ptmj sub-encoding to TS1/4 on input line 409.
)) (/usr/share/texmf-dist/tex/latex/microtype/microtype.sty
Package: microtype 2019/02/28 v2.7b Micro-typographical refinements (RS)
(/usr/share/texmf-dist/tex/latex/graphics/keyval.sty
Package: keyval 2014/10/28 v1.15 key=value parser (DPC)
\KV@toks@=\toks22
)
\MT@toks=\toks23
\MT@count=\count100
LaTeX Info: Redefining \textls on input line 790.
\MT@outer@kern=\dimen112
LaTeX Info: Redefining \textmicrotypecontext on input line 1336.
\MT@listname@count=\count101
(/usr/share/texmf-dist/tex/latex/microtype/microtype-pdftex.def
File: microtype-pdftex.def 2019/02/28 v2.7b Definitions specific to pdftex (RS)

LaTeX Info: Redefining \lsstyle on input line 914.
LaTeX Info: Redefining \lslig on input line 914.
\MT@outer@space=\skip46
)
Package microtype Info: Loading configuration file microtype.cfg.
(/usr/share/texmf-dist/tex/latex/microtype/microtype.cfg
File: microtype.cfg 2019/02/28 v2.7b microtype main configuration file (RS)
)) (/usr/share/texmf-dist/tex/latex/geometry/geometry.sty
Package: geometry 2018/04/16 v5.8 Page Geometry
(/usr/share/texmf-dist/tex/generic/oberdiek/ifpdf.sty
Package: ifpdf 2018/09/07 v3.3 Provides the ifpdf switch
) (/usr/share/texmf-dist/tex/generic/oberdiek/ifvtex.sty
Package: ifvtex 2016/05/16 v1.6 Detect VTeX and its facilities (HO)
Package ifvtex Info: VTeX not detected.
)
\Gm@cnth=\count102
\Gm@cntv=\count103
\c@Gm@tempcnt=\count104
\Gm@bindingoffset=\dimen113
\Gm@wd@mp=\dimen114
\Gm@odd@mp=\dimen115
\Gm@even@mp=\dimen116
\Gm@layoutwidth=\dimen117
\Gm@layoutheight=\dimen118
\Gm@layouthoffset=\dimen119
\Gm@layoutvoffset=\dimen120
\Gm@dimlist=\toks24
) (/usr/share/texmf-dist/tex/latex/hyperref/hyperref.sty
Package: hyperref 2018/11/30 v6.88e Hypertext links for LaTeX
(/usr/share/texmf-dist/tex/generic/oberdiek/hobsub-hyperref.sty
Package: hobsub-hyperref 2016/05/16 v1.14 Bundle oberdiek, subset hyperref (HO)

(/usr/share/texmf-dist/tex/generic/oberdiek/hobsub-generic.sty
Package: hobsub-generic 2016/05/16 v1.14 Bundle oberdiek, subset generic (HO)
Package: hobsub 2016/05/16 v1.14 Construct package bundles (HO)
Package: infwarerr 2016/05/16 v1.4 Providing info/warning/error messages (HO)
Package: ltxcmds 2016/05/16 v1.23 LaTeX kernel commands for general use (HO)
Package hobsub Info: Skipping package `ifluatex' (already loaded).
Package hobsub Info: Skipping package `ifvtex' (already loaded).
Package: intcalc 2016/05/16 v1.2 Expandable calculations with integers (HO)
Package hobsub Info: Skipping package `ifpdf' (already loaded).
Package: etexcmds 2016/05/16 v1.6 Avoid name clashes with e-TeX commands (HO)
Package: kvsetkeys 2016/05/16 v1.17 Key value parser (HO)
Package: kvdefinekeys 2016/05/16 v1.4 Define keys (HO)
Package: pdftexcmds 2018/09/10 v0.29 Utility functions of pdfTeX for LuaTeX (HO
)
Package pdftexcmds Info: LuaTeX not detected.
Package pdftexcmds Info: \pdf@primitive is available.
Package pdftexcmds Info: \pdf@ifprimitive is available.
Package pdftexcmds Info: \pdfdraftmode found.
Package: pdfescape 2016/05/16 v1.14 Implements pdfTeX's escape features (HO)
Package: bigintcalc 2016/05/16 v1.4 Expandable calculations on big integers (HO
)
Package: bitset 2016/05/16 v1.2 Handle bit-vector datatype (HO)
Package: uniquecounter 2016/05/16 v1.3 Provide unlimited unique counter (HO)
)
Package hobsub Info: Skipping package `hobsub' (already loaded).
Package: letltxmacro 2016/05/16 v1.5 Let assignment for LaTeX macros (HO)
Package: hopatch 2016/05/16 v1.3 Wrapper for package hooks (HO)
Package: xcolor-patch 2016/05/16 xcolor patch
Package: atveryend 2016/05/16 v1.9 Hooks at the very end of document (HO)
Package atveryend Info: \enddocument detected (standard20110627).
Package: atbegshi 2016/06/09 v1.18 At begin shipout hook (HO)
Package: refcount 2016/05/16 v3.5 Data extraction from label references (HO)
Package: hycolor 2016/05/16 v1.8 Color options for hyperref/bookmark (HO)
) (/usr/share/texmf-dist/tex/latex/oberdiek/auxhook.sty
Package: auxhook 2016/05/16 v1.4 Hooks for auxiliary files (HO)
) (/usr/share/texmf-dist/tex/latex/oberdiek/kvoptions.sty
Package: kvoptions 2016/05/16 v3.12 Key value format for package options (HO)
)
\@linkdim=\dimen121
\Hy@linkcounter=\count105
\Hy@pagecounter=\count106
(/usr/share/texmf-dist/tex/latex/hyperref/pd1enc.def
File: pd1enc.def 2018/11/30 v6.88e Hyperref: PDFDocEncoding definition (HO)
Now handling font encoding PD1 ...
... no UTF-8 mapping file for font encoding PD1
)
\Hy@SavedSpaceFactor=\count107
(/usr/share/texmf-dist/tex/latex/latexconfig/hyperref.cfg
File: hyperref.cfg 2002/06/06 v1.2 hyperref configuration of TeXLive
)
Package hyperref Info: Hyper figures OFF on input line 4519.
Package hyperref Info: Link nesting OFF on input line 4524.
Package hyperref Info: Hyper index ON on input line 4527.
Package hyperref Info: Plain pages OFF on input line 4534.
Package hyperref Info: Backreferencing OFF on input line 4539.
Package hyperref Info: Implicit mode ON; LaTeX internals redefined.
Package hyperref Info: Bookmarks ON on input line 4772.
\c@Hy@tempcnt=\count108
(/usr/share/texmf-dist/tex/latex/url/url.sty
\Urlmuskip=\muskip11
Package: url 2013/09/16  ver 3.4  Verb mode for urls, etc.
)
LaTeX Info: Redefining \url on input line 5125.
\XeTeXLinkMargin=\dimen122
\Fld@menulength=\count109
\Field@Width=\dimen123
\Fld@charsize=\dimen124
Package hyperref Info: Hyper figures OFF on input line 6380.
Package hyperref Info: Link nesting OFF on input line 6385.
Package hyperref Info: Hyper index ON on input line 6388.
Package hyperref Info: backreferencing OFF on input line 6395.
Package hyperref Info: Link coloring OFF on input line 6400.
Package hyperref Info: Link coloring with OCG OFF on input line 6405.
Package hyperref Info: PDF/A mode OFF on input line 6410.
LaTeX Info: Redefining \ref on input line 6450.
LaTeX Info: Redefining \pageref on input line 6454.
\Hy@abspage=\count110
\c@Item=\count111
\c@Hfootnote=\count112
)
Package hyperref Info: Driver (autodetected): hpdftex.
(/usr/share/texmf-dist/tex/latex/hyperref/hpdftex.def
File: hpdftex.def 2018/11/30 v6.88e Hyperref driver for pdfTeX
\Fld@listcount=\count113
\c@bookmark@seq@number=\count114
(/usr/share/texmf-dist/tex/latex/oberdiek/rerunfilecheck.sty
Package: rerunfilecheck 2016/05/16 v1.8 Rerun checks for auxiliary files (HO)
Package uniquecounter Info: New unique counter `rerunfilecheck' on input line 2
82.
)
\Hy@SectionHShift=\skip47
)
Package hyperref Info: Option `unicode' set `true' on input line 28.
(/usr/share/texmf-dist/tex/latex/hyperref/puenc.def
File: puenc.def 2018/11/30 v6.88e Hyperref: PDF Unicode definition (HO)
Now handling font encoding PU ...
... no UTF-8 mapping file for font encoding PU
)
Package hyperref Info: Option `breaklinks' set `true' on input line 28.
(/usr/share/texmf-dist/tex/latex/tools/longtable.sty
Package: longtable 2014/10/28 v4.11 Multi-page Table package (DPC)+ FMi change
\LTleft=\skip48
\LTright=\skip49
\LTpre=\skip50
\LTpost=\skip51
\LTchunksize=\count115
\LTcapwidth=\dimen125
\LT@head=\box29
\LT@firsthead=\box30
\LT@foot=\box31
\LT@lastfoot=\box32
\LT@cols=\count116
\LT@rows=\count117
\c@LT@tables=\count118
\c@LT@chunks=\count119
\LT@p@ftn=\toks25
) (/usr/share/texmf-dist/tex/latex/booktabs/booktabs.sty
Package: booktabs 2016/04/27 v1.618033 publication quality tables
\heavyrulewidth=\dimen126
\lightrulewidth=\dimen127
\cmidrulewidth=\dimen128
\belowrulesep=\dimen129
\belowbottomsep=\dimen130
\aboverulesep=\dimen131
\abovetopsep=\dimen132
\cmidrulesep=\dimen133
\cmidrulekern=\dimen134
\defaultaddspace=\dimen135
\@cmidla=\count120
\@cmidlb=\count121
\@aboverulesep=\dimen136
\@belowrulesep=\dimen137
\@thisruleclass=\count122
\@lastruleclass=\count123
\@thisrulewidth=\dimen138
) (/usr/share/texmf-dist/tex/latex/graphics/graphicx.sty
Package: graphicx 2017/06/01 v1.1a Enhanced LaTeX Graphics (DPC,SPQR)
(/usr/share/texmf-dist/tex/latex/graphics/graphics.sty
Package: graphics 2017/06/25 v1.2c Standard LaTeX Graphics (DPC,SPQR)
(/usr/share/texmf-dist/tex/latex/graphics/trig.sty
Package: trig 2016/01/03 v1.10 sin cos tan (DPC)
) (/usr/share/texmf-dist/tex/latex/graphics-cfg/graphics.cfg
File: graphics.cfg 2016/06/04 v1.11 sample graphics configuration
)
Package graphics Info: Driver file: pdftex.def on input line 99.
(/usr/share/texmf-dist/tex/latex/graphics-def/pdftex.def
File: pdftex.def 2018/01/08 v1.0l Graphics/color driver for pdftex
))
\Gin@req@height=\dimen139
\Gin@req@width=\dimen140
) (/usr/share/texmf-dist/tex/latex/oberdiek/grffile.sty
Package: grffile 2017/06/30 v1.18 Extended file name support for graphics (HO)
Package grffile Info: Option `multidot' is set to `true'.
Package grffile Info: Option `extendedchars' is set to `false'.
Package grffile Info: Option `space' is set to `true'.
Package grffile Info: \Gin@ii of package `graphicx' fixed on input line 494.
) (/usr/share/texmf-dist/tex/latex/parskip/parskip.sty
Package: parskip 2019-01-16 v2.0c non-zero parskip adjustments
(/usr/share/texmf-dist/tex/latex/etoolbox/etoolbox.sty
Package: etoolbox 2018/08/19 v2.5f e-TeX tools for LaTeX (JAW)
\etb@tempcnta=\count124
)) (/usr/share/texmf-dist/tex/latex/titling/titling.sty
Package: titling 2009/09/04 v2.1d maketitle typesetting
\thanksmarkwidth=\skip52
\thanksmargin=\skip53
\droptitle=\skip54
) (/usr/share/texmf-dist/tex/latex/xcolor/xcolor.sty
Package: xcolor 2016/05/11 v2.12 LaTeX color extensions (UK)
(/usr/share/texmf-dist/tex/latex/graphics-cfg/color.cfg
File: color.cfg 2016/01/02 v1.6 sample color configuration
)
Package xcolor Info: Driver file: pdftex.def on input line 225.
Package xcolor Info: Model `cmy' substituted by `cmy0' on input line 1348.
Package xcolor Info: Model `hsb' substituted by `rgb' on input line 1352.
Package xcolor Info: Model `RGB' extended on input line 1364.
Package xcolor Info: Model `HTML' substituted by `rgb' on input line 1366.
Package xcolor Info: Model `Hsb' substituted by `hsb' on input line 1367.
Package xcolor Info: Model `tHsb' substituted by `hsb' on input line 1368.
Package xcolor Info: Model `HSB' substituted by `hsb' on input line 1369.
Package xcolor Info: Model `Gray' substituted by `gray' on input line 1370.
Package xcolor Info: Model `wave' substituted by `hsb' on input line 1371.
) (/usr/share/texmf-dist/tex/latex/float/float.sty
Package: float 2001/11/08 v1.3d Float enhancements (AL)
\c@float@type=\count125
\float@exts=\toks26
\float@box=\box33
\@float@everytoks=\toks27
\@floatcapt=\box34
) (/usr/share/texmf-dist/tex/latex/tabu/tabu.sty
Package: tabu 2019/01/11 v2.9 - flexible LaTeX tabulars (FC+tabu-fixed)
(/usr/share/texmf-dist/tex/latex/tools/array.sty
Package: array 2018/12/30 v2.4k Tabular extension package (FMi)
\col@sep=\dimen141
\ar@mcellbox=\box35
\extrarowheight=\dimen142
\NC@list=\toks28
\extratabsurround=\skip55
\backup@length=\skip56
\ar@cellbox=\box36
) (/usr/share/texmf-dist/tex/latex/varwidth/varwidth.sty
Package: varwidth 2009/03/30 ver 0.92;  Variable-width minipages
\@vwid@box=\box37
\sift@deathcycles=\count126
\@vwid@loff=\dimen143
\@vwid@roff=\dimen144
)
\c@taburow=\count127
\tabu@nbcols=\count128
\tabu@cnt=\count129
\tabu@Xcol=\count130
\tabu@alloc=\count131
\tabu@nested=\count132
\tabu@target=\dimen145
\tabu@spreadtarget=\dimen146
\tabu@naturalX=\dimen147
\tabucolX=\dimen148
\tabu@Xsum=\dimen149
\extrarowdepth=\dimen150
\abovetabulinesep=\dimen151
\belowtabulinesep=\dimen152
\tabustrutrule=\dimen153
\tabu@thebody=\toks29
\tabu@footnotes=\toks30
\tabu@box=\box38
\tabu@arstrutbox=\box39
\tabu@hleads=\box40
\tabu@vleads=\box41
\tabu@cellskip=\skip57
) (/usr/share/texmf-dist/tex/latex/multirow/multirow.sty
Package: multirow 2019/01/01 v2.4 Span multiple rows of a table
\multirow@colwidth=\skip58
\multirow@cntb=\count133
\multirow@dima=\skip59
\bigstrutjot=\dimen154
) (/usr/share/texmf-dist/tex/latex/colortbl/colortbl.sty
Package: colortbl 2018/12/12 v1.0d Color table columns (DPC)
\everycr=\toks31
\minrowclearance=\skip60
) (/usr/share/texmf-dist/tex/latex/base/flafter.sty
Package: flafter 2018/11/28 v1.4d Standard LaTeX floats after reference (FMi)
Applying: [2015/01/01] float order in 2-column on input line 49.
Already applied: [0000/00/00] float order in 2-column on input line 151.
) (./file31e55f89dba4.aux)
\openout1 = `file31e55f89dba4.aux'.

LaTeX Font Info:    Checking defaults for OML/cmm/m/it on input line 91.
LaTeX Font Info:    ... okay on input line 91.
LaTeX Font Info:    Checking defaults for T1/cmr/m/n on input line 91.
LaTeX Font Info:    ... okay on input line 91.
LaTeX Font Info:    Checking defaults for OT1/cmr/m/n on input line 91.
LaTeX Font Info:    ... okay on input line 91.
LaTeX Font Info:    Checking defaults for OMS/cmsy/m/n on input line 91.
LaTeX Font Info:    ... okay on input line 91.
LaTeX Font Info:    Checking defaults for OMX/cmex/m/n on input line 91.
LaTeX Font Info:    ... okay on input line 91.
LaTeX Font Info:    Checking defaults for U/cmr/m/n on input line 91.
LaTeX Font Info:    ... okay on input line 91.
LaTeX Font Info:    Checking defaults for TS1/cmr/m/n on input line 91.
LaTeX Font Info:    Try loading font information for TS1+cmr on input line 91.
(/usr/share/texmf-dist/tex/latex/base/ts1cmr.fd
File: ts1cmr.fd 2014/09/29 v2.5h Standard LaTeX font definitions
)
LaTeX Font Info:    ... okay on input line 91.
LaTeX Font Info:    Checking defaults for PD1/pdf/m/n on input line 91.
LaTeX Font Info:    ... okay on input line 91.
LaTeX Font Info:    Checking defaults for PU/pdf/m/n on input line 91.
LaTeX Font Info:    ... okay on input line 91.
LaTeX Font Info:    Try loading font information for T1+lmr on input line 91.
(/usr/share/texmf-dist/tex/latex/lm/t1lmr.fd
File: t1lmr.fd 2009/10/30 v1.6 Font defs for Latin Modern
)
LaTeX Info: Redefining \microtypecontext on input line 91.
Package microtype Info: Generating PDF output.
Package microtype Info: Character protrusion enabled (level 2).
Package microtype Info: Using protrusion set `basicmath'.
Package microtype Info: Automatic font expansion enabled (level 2),
(microtype)             stretch: 20, shrink: 20, step: 1, non-selected.
Package microtype Info: Using default expansion set `basictext'.
Package microtype Info: No adjustment of tracking.
Package microtype Info: No adjustment of interword spacing.
Package microtype Info: No adjustment of character kerning.
(/usr/share/texmf-dist/tex/latex/microtype/mt-cmr.cfg
File: mt-cmr.cfg 2013/05/19 v2.2 microtype config. file: Computer Modern Roman 
(RS)
)
*geometry* driver: auto-detecting
*geometry* detected driver: pdftex
*geometry* verbose mode - [ preamble ] result:
* driver: pdftex
* paper: <default>
* layout: <same size as paper>
* layoutoffset:(h,v)=(0.0pt,0.0pt)
* modes: 
* h-part:(L,W,R)=(72.26999pt, 469.75502pt, 72.26999pt)
* v-part:(T,H,B)=(72.26999pt, 650.43001pt, 72.26999pt)
* \paperwidth=614.295pt
* \paperheight=794.96999pt
* \textwidth=469.75502pt
* \textheight=650.43001pt
* \oddsidemargin=0.0pt
* \evensidemargin=0.0pt
* \topmargin=-37.0pt
* \headheight=12.0pt
* \headsep=25.0pt
* \topskip=12.0pt
* \footskip=30.0pt
* \marginparwidth=44.0pt
* \marginparsep=10.0pt
* \columnsep=10.0pt
* \skip\footins=10.8pt plus 4.0pt minus 2.0pt
* \hoffset=0.0pt
* \voffset=0.0pt
* \mag=1000
* \@twocolumnfalse
* \@twosidefalse
* \@mparswitchfalse
* \@reversemarginfalse
* (1in=72.27pt=25.4mm, 1cm=28.453pt)

\AtBeginShipoutBox=\box42
Package hyperref Info: Link coloring OFF on input line 91.
(/usr/share/texmf-dist/tex/latex/hyperref/nameref.sty
Package: nameref 2016/05/21 v2.44 Cross-referencing by name of section
(/usr/share/texmf-dist/tex/generic/oberdiek/gettitlestring.sty
Package: gettitlestring 2016/05/16 v1.5 Cleanup title references (HO)
)
\c@section@level=\count134
)
LaTeX Info: Redefining \ref on input line 91.
LaTeX Info: Redefining \pageref on input line 91.
LaTeX Info: Redefining \nameref on input line 91.
(./file31e55f89dba4.out) (./file31e55f89dba4.out)
\@outlinefile=\write3
\openout3 = `file31e55f89dba4.out'.

(/usr/share/texmf-dist/tex/context/base/mkii/supp-pdf.mkii
[Loading MPS to PDF converter (version 2006.09.02).]
\scratchcounter=\count135
\scratchdimen=\dimen155
\scratchbox=\box43
\nofMPsegments=\count136
\nofMParguments=\count137
\everyMPshowfont=\toks32
\MPscratchCnt=\count138
\MPscratchDim=\dimen156
\MPnumerator=\count139
\makeMPintoPDFobject=\count140
\everyMPtoPDFconversion=\toks33
) (/usr/share/texmf-dist/tex/latex/oberdiek/epstopdf-base.sty
Package: epstopdf-base 2016/05/15 v2.6 Base part for package epstopdf
(/usr/share/texmf-dist/tex/latex/oberdiek/grfext.sty
Package: grfext 2016/05/16 v1.2 Manage graphics extensions (HO)
)
Package epstopdf-base Info: Redefining graphics rule for `.eps' on input line 4
38.
Package grfext Info: Graphics extension search list:
(grfext)             [.pdf,.png,.jpg,.mps,.jpeg,.jbig2,.jb2,.PDF,.PNG,.JPG,.JPE
G,.JBIG2,.JB2,.eps]
(grfext)             \AppendGraphicsExtensions on input line 456.
(/usr/share/texmf-dist/tex/latex/latexconfig/epstopdf-sys.cfg
File: epstopdf-sys.cfg 2010/07/13 v1.3 Configuration of (r)epstopdf for TeX Liv
e
))
LaTeX Font Info:    Try loading font information for T1+lmtt on input line 93.
(/usr/share/texmf-dist/tex/latex/lm/t1lmtt.fd
File: t1lmtt.fd 2009/10/30 v1.6 Font defs for Latin Modern
)
Overfull \hbox (14.68738pt too wide) in paragraph at lines 97--101
[]\T1/lmr/m/n/12 (-20) title: ``\T1/lmtt/m/n/12 r paste("Local Authority Parkin
g Finances in Wales", params$current.year,
 []

LaTeX Font Info:    Try loading font information for OT1+lmr on input line 107.

(/usr/share/texmf-dist/tex/latex/lm/ot1lmr.fd
File: ot1lmr.fd 2009/10/30 v1.6 Font defs for Latin Modern
)
LaTeX Font Info:    Try loading font information for OML+lmm on input line 107.

(/usr/share/texmf-dist/tex/latex/lm/omllmm.fd
File: omllmm.fd 2009/10/30 v1.6 Font defs for Latin Modern
)
LaTeX Font Info:    Try loading font information for OMS+lmsy on input line 107
.
(/usr/share/texmf-dist/tex/latex/lm/omslmsy.fd
File: omslmsy.fd 2009/10/30 v1.6 Font defs for Latin Modern
)
LaTeX Font Info:    Try loading font information for OMX+lmex on input line 107
.
(/usr/share/texmf-dist/tex/latex/lm/omxlmex.fd
File: omxlmex.fd 2009/10/30 v1.6 Font defs for Latin Modern
)
LaTeX Font Info:    External font `lmex10' loaded for size
(Font)              <12> on input line 107.
LaTeX Font Info:    External font `lmex10' loaded for size
(Font)              <8> on input line 107.
LaTeX Font Info:    External font `lmex10' loaded for size
(Font)              <6> on input line 107.
LaTeX Font Info:    Try loading font information for U+msa on input line 107.
(/usr/share/texmf-dist/tex/latex/amsfonts/umsa.fd
File: umsa.fd 2013/01/14 v3.01 AMS symbols A
) (/usr/share/texmf-dist/tex/latex/microtype/mt-msa.cfg
File: mt-msa.cfg 2006/02/04 v1.1 microtype config. file: AMS symbols (a) (RS)
)
LaTeX Font Info:    Try loading font information for U+msb on input line 107.
(/usr/share/texmf-dist/tex/latex/amsfonts/umsb.fd
File: umsb.fd 2013/01/14 v3.01 AMS symbols B
) (/usr/share/texmf-dist/tex/latex/microtype/mt-msb.cfg
File: mt-msb.cfg 2005/06/01 v1.0 microtype config. file: AMS symbols (b) (RS)
)
LaTeX Font Info:    External font `lmex10' loaded for size
(Font)              <10> on input line 107.
LaTeX Font Info:    External font `lmex10' loaded for size
(Font)              <7> on input line 107.
LaTeX Font Info:    External font `lmex10' loaded for size
(Font)              <5> on input line 107.

LaTeX Warning: Reference `tab:summary' on page 1 undefined on input line 118.


Underfull \hbox (badness 10000) in paragraph at lines 118--125
\T1/lmtt/m/n/12 FunDec(-wal.summary$change[1], dp.text), "%"), ifelse(wal.summa
ry$change[1]
 []


Underfull \hbox (badness 10000) in paragraph at lines 118--125
\T1/lmtt/m/n/12 > 0.05, paste("increased by", FunDec(wal.summary$change[1], dp.
text),
 []


Overfull \hbox (56.23993pt too wide) in paragraph at lines 118--125
\T1/lmtt/m/n/12 "%"),"stayed approximately the same"))\T1/lmr/m/n/12 (-20) , th
e ex-pen-di-ture has \T1/lmtt/m/n/12 r ifelse(wal.summary$change[2]
 []


Underfull \hbox (badness 10000) in paragraph at lines 118--125
\T1/lmtt/m/n/12 < -0.05, paste("fallen by", FunDec(-wal.summary$change[2], dp.t
ext), "%"),
 []


Overfull \hbox (73.64525pt too wide) in paragraph at lines 118--125
\T1/lmtt/m/n/12 ifelse(wal.summary$change[1] > 0.05, paste("increased by", FunD
ec(wal.summary$change[2],
 []


Underfull \hbox (badness 10000) in paragraph at lines 118--125
\T1/lmtt/m/n/12 dp.text), "%"),"stayed approximately the same")) \T1/lmr/m/n/12
 (+20) and the sur-plus has \T1/lmtt/m/n/12 r
 []


Overfull \hbox (67.47025pt too wide) in paragraph at lines 118--125
\T1/lmtt/m/n/12 ifelse(wal.summary$change[3] < -0.05, paste("fallen by", FunDec
(-wal.summary$change[3],
 []


Underfull \hbox (badness 10000) in paragraph at lines 118--125
\T1/lmtt/m/n/12 dp.text), "%"), ifelse(wal.summary$change[1] > 0.05, paste("inc
reased by",
 []


Underfull \hbox (badness 10000) in paragraph at lines 118--125
\T1/lmtt/m/n/12 FunDec(wal.summary$change[3], dp.text), "%"),"stayed approximat
ely the
 []


Overfull \hbox (43.45169pt too wide) in paragraph at lines 118--125
\T1/lmtt/m/n/12 same")) \T1/lmr/m/n/12 (-20) com-pared to the pre-vi-ous fis-ca
l year. To-tal trans-port has \T1/lmtt/m/n/12 r ifelse(wal.summary$change[4]
 []


Underfull \hbox (badness 10000) in paragraph at lines 118--125
\T1/lmtt/m/n/12 < -0.05, paste("fallen by", FunDec(-wal.summary$change[4], dp.t
ext), "%"),
 []


Overfull \hbox (73.64525pt too wide) in paragraph at lines 118--125
\T1/lmtt/m/n/12 ifelse(wal.summary$change[1] > 0.05, paste("increased by", FunD
ec(wal.summary$change[4],
 []

[1

{/var/lib/texmf/fonts/map/pdftex/updmap/pdftex.map}]

LaTeX Warning: Reference `fig:fig1' on page 2 undefined on input line 129.


Underfull \hbox (badness 4492) in paragraph at lines 126--130
[]\T1/lmr/m/n/12 (+20) Parking makes a \T1/lmtt/m/n/12 r ifelse(wal.summary[5, 
6] < eng.trans - 0.05 , "smaller",
 []


Underfull \hbox (badness 10000) in paragraph at lines 126--130
\T1/lmtt/m/n/12 ifelse(wal.summary[5, 6] > eng.trans + 0.05,  "larger","similar
")) \T1/lmr/m/n/12 (+20) con-tri-bu-
 []


Underfull \hbox (badness 10000) in paragraph at lines 126--130
\T1/lmr/m/n/12 (+20) has \T1/lmtt/m/n/12 r ifelse(wal.summary[1,6] > wal.summar
y[1,2], "risen", "fallen") \T1/lmr/m/n/12 (+20) by \T1/lmtt/m/n/12 r
 []


Underfull \hbox (badness 10000) in paragraph at lines 126--130
\T1/lmr/m/n/12 (+20) has \T1/lmtt/m/n/12 r ifelse(wal.summary[2,6] > wal.summar
y[2,2], "risen", "fallen") \T1/lmr/m/n/12 (+20) by \T1/lmtt/m/n/12 r
 []


Underfull \hbox (badness 2057) in paragraph at lines 126--130
\T1/lmtt/m/n/12 "fallen") \T1/lmr/m/n/12 (+20) by \T1/lmtt/m/n/12 r FunDec(100*
wal.summary[3,6]/wal.summary[3,2] - 100, dp.text)
 []


LaTeX Warning: Reference `tab:compare' on page 2 undefined on input line 139.


LaTeX Warning: Reference `tab:annual' on page 2 undefined on input line 139.


Overfull \hbox (237.35999pt too wide) in paragraph at lines 141--142
[]\T1/lmr/m/n/12 (-20) On av-er-age, park-ing sur-pluses in Great Britain have 
risen by about \T1/lmtt/m/n/12 r FunDec(sum.gb.change$surplus.change.4[sum.gb.c
hange$country
 []


LaTeX Warning: Reference `tab:income' on page 2 undefined on input line 154.


Overfull \hbox (8.87674pt too wide) in paragraph at lines 154--155
[]\T1/lmr/m/n/12 (-20) Total coun-cil park-ing in-come from all sources in \T1/
lmtt/m/n/12 r FunFisc() \T1/lmr/m/n/12 (-20) was ¿\T1/lmtt/m/n/12 r FunDec(wal.
summary[1,
 []


Underfull \hbox (badness 6995) in paragraph at lines 154--155
\T1/lmtt/m/n/12 6], dp.text) \T1/lmr/m/n/12 (+20) mil-lion, \T1/lmtt/m/n/12 r F
unDec(wal.summary$change[1], dp.text) \T1/lmr/m/n/12 (+20) % \T1/lmtt/m/n/12 r 
ifelse
 []


LaTeX Warning: Reference `fig:mapincome' on page 2 undefined on input line 156.



Underfull \hbox (badness 10000) in paragraph at lines 156--157
\T1/lmtt/m/n/12 {paste0(" ", FunFirstup(FunN2W(wal.no.income)), " councils did 
not show any
 []

[2]
Overfull \hbox (98.96011pt too wide) in paragraph at lines 160--162
[]\T1/lmtt/m/n/12 r wal.income.change.top3[1,2] \T1/lmr/m/n/12 (-20) in-creased
 their in-come by \T1/lmtt/m/n/12 r FunDec(wal.income.change.top3$change[1],
 []


Overfull \hbox (5.22769pt too wide) in paragraph at lines 160--162
\T1/lmtt/m/n/12 dp.text) \T1/lmr/m/n/12 (-20) % while \T1/lmtt/m/n/12 r wal.inc
ome.change.top3[2,2] \T1/lmr/m/n/12 (-20) and \T1/lmtt/m/n/12 r wal.income.chan
ge.top3[3,2]
 []


Underfull \hbox (badness 6316) in paragraph at lines 160--162
\T1/lmr/m/n/12 (+20) in-creased by \T1/lmtt/m/n/12 r FunDec(wal.income.change.t
op3$change[2], dp.text) \T1/lmr/m/n/12 (+20) % and \T1/lmtt/m/n/12 r
 []


Overfull \hbox (116.61436pt too wide) in paragraph at lines 160--162
\T1/lmtt/m/n/12 FunDec(wal.income.change.top3$change[3], dp.text) \T1/lmr/m/n/1
2 (-20) % re-spec-tively\T1/lmtt/m/n/12 r if(nrow(wal.income.excluded.top)
 []


Underfull \hbox (badness 10000) in paragraph at lines 160--162
\T1/lmtt/m/n/12 > 0) paste0(" (excluding ", FunMultiText(wal.income.excluded.to
p$auth.name),
 []


Overfull \hbox (67.75934pt too wide) in paragraph at lines 160--162
\T1/lmtt/m/n/12 " with income under ¿30,000)")\T1/lmr/m/n/12 (-20) . The bigges
t de-creases were in \T1/lmtt/m/n/12 r wal.income.change.bottom2[2,2]
 []


Underfull \hbox (badness 10000) in paragraph at lines 160--162
\T1/lmr/m/n/12 (+20) (\T1/lmtt/m/n/12 r FunDec(abs(wal.income.change.bottom2$ch
ange[2]), dp.text) \T1/lmr/m/n/12 (+20) %), and \T1/lmtt/m/n/12 r
 []


Overfull \hbox (31.33424pt too wide) in paragraph at lines 160--162
\T1/lmtt/m/n/12 wal.income.change.bottom2[1,2] \T1/lmr/m/n/12 (-20) (\T1/lmtt/m
/n/12 r FunDec(abs(wal.income.change.bottom2$change[1]),
 []


Underfull \hbox (badness 10000) in paragraph at lines 160--162
\T1/lmtt/m/n/12 FunMultiText(wal.income.excluded.bottom$auth.name), " with inco
me under
 []


LaTeX Warning: Reference `tab:expenditure' on page 3 undefined on input line 17
4.


LaTeX Warning: Reference `fig:mapexpend' on page 3 undefined on input line 176.



Underfull \hbox (badness 10000) in paragraph at lines 176--177
\T1/lmtt/m/n/12 dp.text) \T1/lmr/m/n/12 (+20) %) af-ter a \T1/lmtt/m/n/12 r ife
lse( wal.expend.t[3] > 0, paste0("rise of ¿",
 []


Underfull \hbox (badness 10000) in paragraph at lines 176--177
\T1/lmtt/m/n/12 FunDec(wal.expend.t[3], dp.text), " million last year"), paste0
("fall of ¿",
 []


Overfull \hbox (36.84984pt too wide) in paragraph at lines 176--177
\T1/lmtt/m/n/12 FunDec(abs(wal.expend.t[3]), dp.text), "m last year"))\T1/lmr/m
/n/12 (-20) , with \T1/lmtt/m/n/12 r FunN2W(expend.bin[2])
 []


Underfull \hbox (badness 3482) in paragraph at lines 178--180
[]\T1/lmr/m/n/12 (+20) The largest in-crease in ex-pen-di-ture oc-cured in \T1/
lmtt/m/n/12 r wal.expend.change.top3[1,2]
 []


Underfull \hbox (badness 10000) in paragraph at lines 178--180
\T1/lmr/m/n/12 (+20) where it in-creased by \T1/lmtt/m/n/12 r FunDec(wal.expend
.change.top3$change[1], dp.text)
 []


Underfull \hbox (badness 10000) in paragraph at lines 178--180
\T1/lmr/m/n/12 (+20) % while \T1/lmtt/m/n/12 r wal.expend.change.top3[2,2] \T1/
lmr/m/n/12 (+20) and \T1/lmtt/m/n/12 r wal.expend.change.top3[3,2]
 []


Underfull \hbox (badness 6316) in paragraph at lines 178--180
\T1/lmr/m/n/12 (+20) in-creased by \T1/lmtt/m/n/12 r FunDec(wal.expend.change.t
op3$change[2], dp.text) \T1/lmr/m/n/12 (+20) % and \T1/lmtt/m/n/12 r
 []


Overfull \hbox (116.61436pt too wide) in paragraph at lines 178--180
\T1/lmtt/m/n/12 FunDec(wal.expend.change.top3$change[3], dp.text) \T1/lmr/m/n/1
2 (-20) % re-spec-tively\T1/lmtt/m/n/12 r if(nrow(wal.expend.excluded.top)
 []


Underfull \hbox (badness 10000) in paragraph at lines 178--180
\T1/lmtt/m/n/12 > 0) paste0(" (excluding ", FunMultiText(wal.expend.excluded.to
p$auth.name),
 []


Overfull \hbox (98.63435pt too wide) in paragraph at lines 178--180
\T1/lmtt/m/n/12 " with expenditure under ¿30,000)")\T1/lmr/m/n/12 (-20) . The b
iggest de-creases were in \T1/lmtt/m/n/12 r wal.expend.change.bottom2[2,2]
 []


Underfull \hbox (badness 10000) in paragraph at lines 178--180
\T1/lmr/m/n/12 (+20) (\T1/lmtt/m/n/12 r FunDec(abs(wal.expend.change.bottom2$ch
ange[2]), dp.text) \T1/lmr/m/n/12 (+20) %), and \T1/lmtt/m/n/12 r
 []


Overfull \hbox (31.33424pt too wide) in paragraph at lines 178--180
\T1/lmtt/m/n/12 wal.expend.change.bottom2[1,2] \T1/lmr/m/n/12 (-20) (\T1/lmtt/m
/n/12 r FunDec(abs(wal.expend.change.bottom2$change[1]),
 []


Underfull \hbox (badness 10000) in paragraph at lines 178--180
\T1/lmtt/m/n/12 FunMultiText(wal.expend.excluded.bottom$auth.name), " with expe
nditure under
 []

[3]

LaTeX Warning: Reference `tab:propexpend' on page 4 undefined on input line 191
.


Overfull \hbox (96.95813pt too wide) in paragraph at lines 191--192
\T1/lmtt/m/n/12 FunDec(wal.expend.of.income[23,6], dp.text) \T1/lmr/m/n/12 (-20
) % com-pared to \T1/lmtt/m/n/12 r FunDec(wal.expend.of.income[23,5],
 []


Overfull \hbox (29.30035pt too wide) in paragraph at lines 193--194
[]\T1/lmr/m/n/12 (-20) Cardiff's ex-pen-di-ture was \T1/lmtt/m/n/12 r FunDec(wa
l.expend.of.income[wal.expend.of.income$auth.name
 []


Overfull \hbox (170.47328pt too wide) in paragraph at lines 193--194
\T1/lmtt/m/n/12 == "Cardiff",6], dp.text) \T1/lmr/m/n/12 (-20) % of its in-come
 hav-ing \T1/lmtt/m/n/12 r ifelse(wal.expend.of.income[wal.expend.of.income$aut
h.name
 []


Underfull \hbox (badness 10000) in paragraph at lines 193--194
\T1/lmtt/m/n/12 == "Cardiff",6] < wal.expend.of.income[wal.expend.of.income$aut
h.name
 []


Underfull \hbox (badness 5563) in paragraph at lines 193--194
\T1/lmtt/m/n/12 == "Cardiff",5], "fallen", "risen") \T1/lmr/m/n/12 (+20) since 
last year, while Swansea's has \T1/lmtt/m/n/12 r
 []


Underfull \hbox (badness 10000) in paragraph at lines 193--194
\T1/lmtt/m/n/12 ifelse(wal.expend.of.income[wal.expend.of.income$auth.name == "
Swansea",6]
 []


Underfull \hbox (badness 10000) in paragraph at lines 193--194
\T1/lmtt/m/n/12 < wal.expend.of.income[wal.expend.of.income$auth.name == "Swans
ea",5],
 []


Overfull \hbox (27.3528pt too wide) in paragraph at lines 193--194
\T1/lmtt/m/n/12 "fallen", "risen") \T1/lmr/m/n/12 (-20) to \T1/lmtt/m/n/12 r Fu
nDec(wal.expend.of.income[wal.expend.of.income$auth.name
 []

[4]

LaTeX Warning: Reference `tab:surplustab' on page 5 undefined on input line 210
.


Underfull \hbox (badness 2401) in paragraph at lines 212--213
\T1/lmtt/m/n/12 6]/1000), dp.text) \T1/lmr/m/n/12 (+20) mil-lion be-tween \T1/l
mtt/m/n/12 r  wal.poz.surplus \T1/lmr/m/n/12 (+20) au-thor-i-ties of which \T1/
lmtt/m/n/12 r
 []


Underfull \hbox (badness 10000) in paragraph at lines 212--213
\T1/lmtt/m/n/12 paste0(names(wal.surplus.top3)[1], ", ", names(wal.surplus.top3
)[2], ", and
 []


Underfull \hbox (badness 10000) in paragraph at lines 212--213
\T1/lmtt/m/n/12 ", names(wal.surplus.top3)[3]) \T1/lmr/m/n/12 (+20) con-tribute
d \T1/lmtt/m/n/12 r  FunDec(wal.surplus.top3[1],
 []


Overfull \hbox (71.4349pt too wide) in paragraph at lines 212--213
\T1/lmr/m/n/12 (-20) of park-ing deficits \T1/lmtt/m/n/12 r ifelse(wal.surplus.
totals.table[23,6] > wal.surplus.totals.table[23,5],
 []


Underfull \hbox (badness 10000) in paragraph at lines 212--213
\T1/lmtt/m/n/12 "falling", "rising") \T1/lmr/m/n/12 (+20) to ¿\T1/lmtt/m/n/12 r
 FunDec(-wal.surplus.totals.table[23,6]/1000,
 []


Overfull \hbox (112.07816pt too wide) in paragraph at lines 216--218
[]\T1/lmtt/m/n/12 r wal.surplus.change.top3[1,2] \T1/lmr/m/n/12 (-20) in-crease
d their sur-plus by \T1/lmtt/m/n/12 r FunDec(wal.surplus.change.top3$change[1],

 []


Overfull \hbox (17.5777pt too wide) in paragraph at lines 216--218
\T1/lmtt/m/n/12 dp.text) \T1/lmr/m/n/12 (-20) % while \T1/lmtt/m/n/12 r wal.sur
plus.change.top3[2,2] \T1/lmr/m/n/12 (-20) and \T1/lmtt/m/n/12 r wal.surplus.ch
ange.top3[3,2]
 []


Underfull \hbox (badness 3758) in paragraph at lines 216--218
\T1/lmr/m/n/12 (+20) in-creased by \T1/lmtt/m/n/12 r FunDec(wal.surplus.change.
top3$change[2], dp.text) \T1/lmr/m/n/12 (+20) % and \T1/lmtt/m/n/12 r
 []


Overfull \hbox (128.96437pt too wide) in paragraph at lines 216--218
\T1/lmtt/m/n/12 FunDec(wal.surplus.change.top3$change[3], dp.text) \T1/lmr/m/n/
12 (-20) % re-spec-tively\T1/lmtt/m/n/12 r if(nrow(wal.surplus.excluded.top)
 []


Overfull \hbox (5.72021pt too wide) in paragraph at lines 216--218
\T1/lmtt/m/n/12 > 0) paste0(" (excluding ", FunMultiText(wal.surplus.excluded.t
op$auth.name),
 []


Overfull \hbox (92.45935pt too wide) in paragraph at lines 216--218
\T1/lmtt/m/n/12 " with a surplus under ¿30,000)")\T1/lmr/m/n/12 (-20) . The big
gest de-creases were in \T1/lmtt/m/n/12 r wal.surplus.change.bottom2[2,2]
 []


Underfull \hbox (badness 10000) in paragraph at lines 216--218
\T1/lmr/m/n/12 (+20) (\T1/lmtt/m/n/12 r FunDec(abs(wal.surplus.change.bottom2$c
hange[2]), dp.text) \T1/lmr/m/n/12 (+20) %), and \T1/lmtt/m/n/12 r
 []


Overfull \hbox (43.68425pt too wide) in paragraph at lines 216--218
\T1/lmtt/m/n/12 wal.surplus.change.bottom2[1,2] \T1/lmr/m/n/12 (-20) (\T1/lmtt/
m/n/12 r FunDec(abs(wal.surplus.change.bottom2$change[1]),
 []


Underfull \hbox (badness 10000) in paragraph at lines 216--218
\T1/lmtt/m/n/12 dp.text) \T1/lmr/m/n/12 (+20) %)\T1/lmtt/m/n/12 r if(nrow(wal.s
urplus.excluded.bottom) > 0) paste0(" (excluding
 []


Underfull \hbox (badness 10000) in paragraph at lines 216--218
\T1/lmtt/m/n/12 ", FunMultiText(wal.surplus.excluded.bottom$auth.name), " with 
a surplus
 []


Underfull \hbox (badness 1484) in paragraph at lines 219--220
[]\T1/lmr/m/n/12 (+20) The largest in-crease of deficit was in-curred by \T1/lm
tt/m/n/12 r wal.deficit.change.top1[1,2]\T1/lmr/m/n/12 (+20) ,
 []


Underfull \hbox (badness 5563) in paragraph at lines 219--220
\T1/lmr/m/n/12 (+20) which in-creased their deficit by \T1/lmtt/m/n/12 r FunDec
(wal.deficit.change.top1$change[1],
 []


Underfull \hbox (badness 10000) in paragraph at lines 219--220
\T1/lmtt/m/n/12 dp.text) \T1/lmr/m/n/12 (+20) %\T1/lmtt/m/n/12 r if(nrow(wal.de
ficit.excluded.top) > 0) paste0(" (excluding ",
 []


Underfull \hbox (badness 10000) in paragraph at lines 219--220
\T1/lmtt/m/n/12 FunMultiText(wal.deficit.excluded.top$auth.name), " with a defi
cit under
 []


Underfull \hbox (badness 2582) in paragraph at lines 219--220
\T1/lmtt/m/n/12 ¿30,000)")\T1/lmr/m/n/12 (+20) . The biggest de-crease was in \
T1/lmtt/m/n/12 r wal.deficit.change.bottom1[1,2]
 []


Underfull \hbox (badness 1371) in paragraph at lines 219--220
\T1/lmr/m/n/12 (+20) where the deficit fell by (\T1/lmtt/m/n/12 r FunDec(abs(wa
l.deficit.change.bottom1$change[1]),
 []


Underfull \hbox (badness 10000) in paragraph at lines 219--220
\T1/lmtt/m/n/12 dp.text) \T1/lmr/m/n/12 (+20) %)\T1/lmtt/m/n/12 r if(nrow(wal.d
eficit.excluded.bottom) > 0) paste0(" (excluding
 []


Underfull \hbox (badness 10000) in paragraph at lines 219--220
\T1/lmtt/m/n/12 ", FunMultiText(wal.deficit.excluded.bottom$auth.name), " with 
a deficit
 []

[5]
Package atveryend Info: Empty hook `BeforeClearDocument' on input line 232.
[6]
Package atveryend Info: Empty hook `AfterLastShipout' on input line 232.
(./file31e55f89dba4.aux)
Package atveryend Info: Executing hook `AtVeryEndDocument' on input line 232.
Package atveryend Info: Executing hook `AtEndAfterFileList' on input line 232.
Package rerunfilecheck Info: File `file31e55f89dba4.out' has not changed.
(rerunfilecheck)             Checksum: 9B77F372454595F209EBD54E3D2443D7;543.

LaTeX Warning: There were undefined references.

Package atveryend Info: Empty hook `AtVeryVeryEnd' on input line 232.
 ) 
Here is how much of TeX's memory you used:
 13888 strings out of 492623
 198577 string characters out of 6135669
 320573 words of memory out of 5000000
 17518 multiletter control sequences out of 15000+600000
 63578 words of font info for 88 fonts, out of 8000000 for 9000
 1141 hyphenation exceptions out of 8191
 32i,8n,38p,1024b,337s stack positions out of 5000i,500n,10000p,200000b,80000s
{/usr/share/texmf-dist/fonts/enc/dvips/lm/lm-ec.enc}</usr/share/texmf-dist/fo
nts/type1/public/lm/lmbx12.pfb></usr/share/texmf-dist/fonts/type1/public/lm/lmr
10.pfb></usr/share/texmf-dist/fonts/type1/public/lm/lmr12.pfb></usr/share/texmf
-dist/fonts/type1/public/lm/lmr7.pfb></usr/share/texmf-dist/fonts/type1/public/
lm/lmr8.pfb></usr/share/texmf-dist/fonts/type1/public/lm/lmri12.pfb></usr/share
/texmf-dist/fonts/type1/public/lm/lmtt10.pfb></usr/share/texmf-dist/fonts/type1
/public/lm/lmtt12.pfb>
Output written on file31e55f89dba4.pdf (6 pages, 199020 bytes).
PDF statistics:
 107 PDF objects out of 1000 (max. 8388607)
 90 compressed objects within 1 object stream
 21 named destinations out of 1000 (max. 500000)
 12337 words of extra memory for PDF output out of 14400 (max. 10000000)

